2026-06-29 00:27:41  INFO     ============================================================
2026-06-29 00:27:41  INFO     HemBLIP Pipeline  --  20260629_002741
2026-06-29 00:27:41  INFO     Device     : cuda
2026-06-29 00:27:41  INFO     Configs    : ['configs/hemblip_lora.yaml']
2026-06-29 00:27:41  INFO     BERTScore  : distilbert-base-uncased
2026-06-29 00:27:41  INFO     Log file   : graphics\pipeline_20260629_002741.log
2026-06-29 00:27:41  INFO     ============================================================
2026-06-29 00:27:41  INFO     GPU : NVIDIA GeForce RTX 3070  |  VRAM : 8.6 GB
2026-06-29 00:27:41  INFO     
2026-06-29 00:27:41  INFO     ============================================================
2026-06-29 00:27:41  INFO     CONFIG: configs/hemblip_lora.yaml
2026-06-29 00:27:41  INFO     ============================================================
2026-06-29 00:27:41  INFO     [1/3] TRAINING
2026-06-29 00:27:41  INFO     Building model ...
2026-06-29 00:27:43  INFO     Loading datasets ...
2026-06-29 00:27:44  INFO     Splits — train: 46669 | val: 5375 | test: 16609
2026-06-29 00:27:45  INFO     Training — max 20 epochs | patience=5 | effective batch=16
2026-06-29 00:41:43  ERROR    [1/3] Training failed: Caught UnidentifiedImageError in DataLoader worker process 0.
Original Traceback (most recent call last):
  File "C:\Users\Arturo Rodriguez\AppData\Local\Programs\Python\Python312\Lib\site-packages\torch\utils\data\_utils\worker.py", line 351, in _worker_loop
    data = fetcher.fetch(index)  # type: ignore[possibly-undefined]
           ^^^^^^^^^^^^^^^^^^^^
  File "C:\Users\Arturo Rodriguez\AppData\Local\Programs\Python\Python312\Lib\site-packages\torch\utils\data\_utils\fetch.py", line 52, in fetch
    data = [self.dataset[idx] for idx in possibly_batched_index]
            ~~~~~~~~~~~~^^^^^
  File "C:\Users\Arturo Rodriguez\OneDrive\Escritorio\CIDETEC\hemblip-rep\src\data\hemblip_dataset.py", line 62, in __getitem__
    img = Image.open(item["image_path"]).convert("RGB")
          ^^^^^^^^^^^^^^^^^^^^^^^^^^^^^^
  File "C:\Users\Arturo Rodriguez\AppData\Local\Programs\Python\Python312\Lib\site-packages\PIL\Image.py", line 3711, in open
    raise UnidentifiedImageError(msg)
PIL.UnidentifiedImageError: cannot identify image file 'data\\PBC_dataset_normal_DIB\\PBC_dataset_normal_DIB\\neutrophil\\.DS_169665.jpg'
Traceback (most recent call last):
  File "C:\Users\Arturo Rodriguez\OneDrive\Escritorio\CIDETEC\hemblip-rep\scripts\run_pipeline.py", line 459, in main
    ckpt = run_training(cfg, device, logger)
           ^^^^^^^^^^^^^^^^^^^^^^^^^^^^^^^^^
  File "C:\Users\Arturo Rodriguez\OneDrive\Escritorio\CIDETEC\hemblip-rep\scripts\run_pipeline.py", line 161, in run_training
    best_ckpt = trainer.train()
                ^^^^^^^^^^^^^^^
  File "C:\Users\Arturo Rodriguez\OneDrive\Escritorio\CIDETEC\hemblip-rep\src\training\trainer.py", line 156, in train
    train_loss = self._train_epoch(epoch)
                 ^^^^^^^^^^^^^^^^^^^^^^^^
  File "C:\Users\Arturo Rodriguez\OneDrive\Escritorio\CIDETEC\hemblip-rep\src\training\trainer.py", line 202, in _train_epoch
    for step, batch in enumerate(pbar):
                       ^^^^^^^^^^^^^^^
  File "C:\Users\Arturo Rodriguez\AppData\Local\Programs\Python\Python312\Lib\site-packages\tqdm\std.py", line 1181, in __iter__
    for obj in iterable:
               ^^^^^^^^
  File "C:\Users\Arturo Rodriguez\AppData\Local\Programs\Python\Python312\Lib\site-packages\torch\utils\data\dataloader.py", line 701, in __next__
    data = self._next_data()
           ^^^^^^^^^^^^^^^^^
  File "C:\Users\Arturo Rodriguez\AppData\Local\Programs\Python\Python312\Lib\site-packages\torch\utils\data\dataloader.py", line 1465, in _next_data
    return self._process_data(data)
           ^^^^^^^^^^^^^^^^^^^^^^^^
  File "C:\Users\Arturo Rodriguez\AppData\Local\Programs\Python\Python312\Lib\site-packages\torch\utils\data\dataloader.py", line 1491, in _process_data
    data.reraise()
  File "C:\Users\Arturo Rodriguez\AppData\Local\Programs\Python\Python312\Lib\site-packages\torch\_utils.py", line 715, in reraise
    raise exception
PIL.UnidentifiedImageError: Caught UnidentifiedImageError in DataLoader worker process 0.
Original Traceback (most recent call last):
  File "C:\Users\Arturo Rodriguez\AppData\Local\Programs\Python\Python312\Lib\site-packages\torch\utils\data\_utils\worker.py", line 351, in _worker_loop
    data = fetcher.fetch(index)  # type: ignore[possibly-undefined]
           ^^^^^^^^^^^^^^^^^^^^
  File "C:\Users\Arturo Rodriguez\AppData\Local\Programs\Python\Python312\Lib\site-packages\torch\utils\data\_utils\fetch.py", line 52, in fetch
    data = [self.dataset[idx] for idx in possibly_batched_index]
            ~~~~~~~~~~~~^^^^^
  File "C:\Users\Arturo Rodriguez\OneDrive\Escritorio\CIDETEC\hemblip-rep\src\data\hemblip_dataset.py", line 62, in __getitem__
    img = Image.open(item["image_path"]).convert("RGB")
          ^^^^^^^^^^^^^^^^^^^^^^^^^^^^^^
  File "C:\Users\Arturo Rodriguez\AppData\Local\Programs\Python\Python312\Lib\site-packages\PIL\Image.py", line 3711, in open
    raise UnidentifiedImageError(msg)
PIL.UnidentifiedImageError: cannot identify image file 'data\\PBC_dataset_normal_DIB\\PBC_dataset_normal_DIB\\neutrophil\\.DS_169665.jpg'

2026-06-29 00:41:43  INFO     
2026-06-29 00:41:43  INFO     ============================================================
2026-06-29 00:41:43  INFO     PIPELINE COMPLETE -- total time: 0:14:02
2026-06-29 00:41:43  INFO     ============================================================
2026-06-29 00:41:43  INFO     Summary saved -> graphics\pipeline_summary_20260629_002741.txt
