2026-07-08 13:33:19  INFO     ============================================================
2026-07-08 13:33:19  INFO     HemBLIP Pipeline  --  20260708_133319
2026-07-08 13:33:19  INFO     Device     : cuda
2026-07-08 13:33:19  INFO     Configs    : ['configs/hemblip_lora.yaml']
2026-07-08 13:33:19  INFO     BERTScore  : distilbert-base-uncased
2026-07-08 13:33:19  INFO     Log file   : graphics\pipeline_20260708_133319.log
2026-07-08 13:33:19  INFO     ============================================================
2026-07-08 13:33:19  INFO     GPU : NVIDIA RTX A4000  |  VRAM : 17.2 GB
2026-07-08 13:33:19  INFO     
2026-07-08 13:33:19  INFO     ============================================================
2026-07-08 13:33:19  INFO     CONFIG: configs/hemblip_lora.yaml
2026-07-08 13:33:19  INFO     ============================================================
2026-07-08 13:33:19  INFO     [1/3] TRAINING
2026-07-08 13:33:19  INFO     Building model ...
2026-07-08 13:33:20  INFO     Loading datasets ...
2026-07-08 13:33:20  INFO     Splits — train: 5555 | val: 614 | test: 3099
2026-07-08 13:33:21  INFO     Training — max 20 epochs | patience=5 | effective batch=16
2026-07-08 14:06:21  INFO     Training complete. Best checkpoint: outputs\hemblip_lora\best
2026-07-08 14:06:23  INFO     [1/3] Done in 0:33:03
2026-07-08 14:06:23  INFO     
2026-07-08 14:06:23  INFO     [2/3] EVALUATION
2026-07-08 14:06:23  INFO     Loading checkpoint: outputs\hemblip_lora\best
2026-07-08 14:06:26  INFO     Loading datasets for evaluation ...
2026-07-08 14:06:26  INFO     Generating captions on test set ...
