2026-07-14 10:05:58  INFO     ============================================================
2026-07-14 10:05:58  INFO     HemBLIP Pipeline  --  20260714_100558
2026-07-14 10:05:58  INFO     Device     : cuda
2026-07-14 10:05:58  INFO     Configs    : ['configs/hemblip_lora.yaml']
2026-07-14 10:05:58  INFO     BERTScore  : distilbert-base-uncased
2026-07-14 10:05:58  INFO     Log file   : graphics\pipeline_20260714_100558.log
2026-07-14 10:05:58  INFO     ============================================================
2026-07-14 10:05:58  INFO     GPU : NVIDIA RTX A4000  |  VRAM : 17.2 GB
2026-07-14 10:05:58  INFO     
2026-07-14 10:05:58  INFO     ============================================================
2026-07-14 10:05:58  INFO     CONFIG: configs/hemblip_lora.yaml
2026-07-14 10:05:58  INFO     ============================================================
2026-07-14 10:05:58  INFO     [1/3] Training skipped (--skip-train) — using checkpoint: outputs\hemblip_lora\best
2026-07-14 10:05:58  INFO     
2026-07-14 10:05:58  INFO     [2/3] EVALUATION
2026-07-14 10:05:59  INFO     Loading checkpoint: outputs\hemblip_lora\best
2026-07-14 10:06:01  INFO     Loading datasets for evaluation ...
2026-07-14 10:06:02  INFO     Generating captions on test set ...
2026-07-14 10:41:14  INFO     BLEU=0.6194  ROUGE-L=0.7490  BERTScore=0.9435
2026-07-14 10:41:14  INFO     Attribute accuracy: {'cell_type': '0.971', 'nuclear_chromatin_texture': '0.943', 'cytoplasm_amount': '0.975', 'diagnosis': 'N/A', 'nuclear_shape': '0.012', 'overall_shape': '0.672', 'cell_size': '0.575'}
2026-07-14 10:41:14  INFO     Frozen-backbone classifier ...
2026-07-14 10:43:08  INFO     Cell type — acc=0.941  f1=0.940
2026-07-14 10:43:08  INFO     Results saved -> outputs\hemblip_lora\best\eval_results.json
2026-07-14 10:43:08  INFO     [2/3] Done in 0:37:10
2026-07-14 10:43:08  INFO     
2026-07-14 10:43:08  INFO     [3/3] PLOTTING
2026-07-14 10:43:08  ERROR    [3/3] Plotting failed: unsupported operand type(s) for +: 'int' and 'NoneType'
Traceback (most recent call last):
  File "C:\Users\Lyapunov\Desktop\Arturo\hemblip-rep\scripts\run_pipeline.py", line 512, in main
    run_plotting(run_dir, logger)
  File "C:\Users\Lyapunov\Desktop\Arturo\hemblip-rep\scripts\run_pipeline.py", line 293, in run_plotting
    plot_single_run(run_dir, history, eval_res, out)
  File "C:\Users\Lyapunov\Desktop\Arturo\hemblip-rep\scripts\plot_training.py", line 220, in plot_single_run
    _bar_group(
  File "C:\Users\Lyapunov\Desktop\Arturo\hemblip-rep\scripts\plot_training.py", line 105, in _bar_group
    bars = ax.bar(x + offset, vals, width, label=lbl,
           ^^^^^^^^^^^^^^^^^^^^^^^^^^^^^^^^^^^^^^^^^^
  File "C:\Users\Lyapunov\AppData\Local\Programs\Python\Python311\Lib\site-packages\matplotlib\__init__.py", line 1521, in inner
    return func(
           ^^^^^
  File "C:\Users\Lyapunov\AppData\Local\Programs\Python\Python311\Lib\site-packages\matplotlib\axes\_axes.py", line 2646, in bar
    r = mpatches.Rectangle(
        ^^^^^^^^^^^^^^^^^^^
  File "C:\Users\Lyapunov\AppData\Local\Programs\Python\Python311\Lib\site-packages\matplotlib\patches.py", line 786, in __init__
    self._convert_units()  # Validate the inputs.
    ^^^^^^^^^^^^^^^^^^^^^
  File "C:\Users\Lyapunov\AppData\Local\Programs\Python\Python311\Lib\site-packages\matplotlib\patches.py", line 797, in _convert_units
    y1 = self.convert_yunits(self._y0 + self._height)
                             ~~~~~~~~~^~~~~~~~~~~~~~
TypeError: unsupported operand type(s) for +: 'int' and 'NoneType'
2026-07-14 10:43:09  INFO     Config finished in 0:37:10
2026-07-14 10:43:09  INFO     
2026-07-14 10:43:09  INFO     ============================================================
2026-07-14 10:43:09  INFO     PIPELINE COMPLETE -- total time: 0:37:10
2026-07-14 10:43:09  INFO     ============================================================
2026-07-14 10:43:09  INFO     Summary saved -> graphics\pipeline_summary_20260714_100558.txt
